

Microchip Technology PIC18 LITE Macro Assembler V1.44 build -154322312 
                                                                                               Thu Dec 13 16:48:49 2018

Microchip Technology Omniscient Code Generator v1.44 (Free mode) build 201709140600
     1                           	processor	18F4520
     2                           	fnconf	rparam,??,?,0
     3                           	opt	pw 120
     4                           	opt	lm
     5                           	psect	cinit,global,reloc=2,class=CODE,delta=1
     6                           	psect	bssCOMRAM,global,class=COMRAM,space=1,delta=1,noexec
     7                           	psect	cstackCOMRAM,global,class=COMRAM,space=1,delta=1,noexec
     8                           	psect	text0,global,reloc=2,class=CODE,delta=1
     9                           	psect	text1,global,reloc=2,class=CODE,delta=1
    10                           	psect	text2,global,reloc=2,class=CODE,delta=1,group=1
    11                           	psect	text3,global,reloc=2,class=CODE,delta=1
    12                           	psect	intsave_regs,global,class=BIGRAM,space=1,delta=1,noexec
    13                           	psect	rparam,global,class=COMRAM,space=1,delta=1,noexec
    14  0000                     
    15                           ; Version 1.44
    16                           ; Generated 14/09/2017 GMT
    17                           ; 
    18                           ; Copyright © 2017, Microchip Technology Inc. and its subsidiaries ("Microchip")
    19                           ; All rights reserved.
    20                           ; 
    21                           ; This software is developed by Microchip Technology Inc. and its subsidiaries ("Microch
      +                          ip").
    22                           ; 
    23                           ; Redistribution and use in source and binary forms, with or without modification, are
    24                           ; permitted provided that the following conditions are met:
    25                           ; 
    26                           ;     1. Redistributions of source code must retain the above copyright notice, this lis
      +                          t of
    27                           ;        conditions and the following disclaimer.
    28                           ; 
    29                           ;     2. Redistributions in binary form must reproduce the above copyright notice, this 
      +                          list
    30                           ;        of conditions and the following disclaimer in the documentation and/or other
    31                           ;        materials provided with the distribution.
    32                           ; 
    33                           ;     3. Microchip's name may not be used to endorse or promote products derived from th
      +                          is
    34                           ;        software without specific prior written permission.
    35                           ; 
    36                           ; THIS SOFTWARE IS PROVIDED BY MICROCHIP "AS IS" AND ANY EXPRESS OR IMPLIED WARRANTIES,
    37                           ; INCLUDING, BUT NOT LIMITED TO, THE IMPLIED WARRANTIES OF MERCHANTABILITY AND FITNESS F
      +                          OR
    38                           ; PURPOSE ARE DISCLAIMED.  IN NO EVENT SHALL MICROCHIP BE LIABLE FOR ANY DIRECT, INDIREC
      +                          T,
    39                           ; INCIDENTAL, SPECIAL, EXEMPLARY, OR CONSEQUENTIAL DAMAGES (INCLUDING BUT NOT LIMITED TO
    40                           ; PROCUREMENT OF SUBSTITUTE GOODS OR SERVICES; LOSS OF USE, DATA OR PROFITS; OR BUSINESS
    41                           ; INTERRUPTION) HOWSOEVER CAUSED AND ON ANY THEORY OF LIABILITY, WHETHER IN CONTRACT, ST
      +                          RICT
    42                           ; LIABILITY, OR TORT (INCLUDING NEGLIGENCE OR OTHERWISE) ARISING IN ANY WAY OUT OF THE U
      +                          SE OF
    43                           ; THIS SOFTWARE, EVEN IF ADVISED OF THE POSSIBILITY OF SUCH DAMAGE.
    44                           ; 
    45                           ; 
    46                           ; Code-generator required, PIC18F4520 Definitions
    47                           ; 
    48                           ; SFR Addresses
    49  0000                     _ADRESL	set	4035
    50  0000                     _ADRESH	set	4036
    51  0000                     _ADCON2bits	set	4032
    52  0000                     _TRISA	set	3986
    53  0000                     _ADCON0bits	set	4034
    54  0000                     _ADCON1bits	set	4033
    55  0000                     _GIE	set	32663
    56  0000                     _ADIE	set	31982
    57  0000                     _ADIF	set	31990
    58                           
    59                           ; #config settings
    60  0000                     
    61                           	psect	cinit
    62  007F0E                     __pcinit:
    63                           	opt stack 0
    64  007F0E                     start_initialization:
    65                           	opt stack 0
    66  007F0E                     __initialization:
    67                           	opt stack 0
    68                           
    69                           ; Clear objects allocated to COMRAM (4 bytes)
    70  007F0E  6A0C               	clrf	(__pbssCOMRAM+3)& (0+255),c
    71  007F10  6A0B               	clrf	(__pbssCOMRAM+2)& (0+255),c
    72  007F12  6A0A               	clrf	(__pbssCOMRAM+1)& (0+255),c
    73  007F14  6A09               	clrf	__pbssCOMRAM& (0+255),c
    74  007F16                     end_of_initialization:
    75                           	opt stack 0
    76  007F16                     __end_of__initialization:
    77                           	opt stack 0
    78  007F16  0100               	movlb	0
    79  007F18  EF82  F03F         	goto	_main	;jump to C main() function
    80                           
    81                           	psect	bssCOMRAM
    82  000009                     __pbssCOMRAM:
    83                           	opt stack 0
    84  000009                     _MyadcValue:
    85                           	opt stack 0
    86  000009                     	ds	2
    87  00000B                     _tick_count:
    88                           	opt stack 0
    89  00000B                     	ds	2
    90                           
    91                           	psect	cstackCOMRAM
    92  000001                     __pcstackCOMRAM:
    93                           	opt stack 0
    94  000001                     ?___awdiv:
    95                           	opt stack 0
    96  000001                     ___awdiv@dividend:
    97                           	opt stack 0
    98                           
    99                           ; 2 bytes @ 0x0
   100  000001                     	ds	2
   101  000003                     ___awdiv@divisor:
   102                           	opt stack 0
   103                           
   104                           ; 2 bytes @ 0x2
   105  000003                     	ds	2
   106  000005                     ___awdiv@counter:
   107                           	opt stack 0
   108                           
   109                           ; 1 bytes @ 0x4
   110  000005                     	ds	1
   111  000006                     ___awdiv@sign:
   112                           	opt stack 0
   113                           
   114                           ; 1 bytes @ 0x5
   115  000006                     	ds	1
   116  000007                     ___awdiv@quotient:
   117                           	opt stack 0
   118                           
   119                           ; 2 bytes @ 0x6
   120  000007                     	ds	2
   121  000009                     
   122                           ; 1 bytes @ 0x8
   123 ;;
   124 ;;Main: autosize = 0, tempsize = 0, incstack = 0, save=0
   125 ;;
   126 ;; *************** function _main *****************
   127 ;; Defined at:
   128 ;;		line 78 in file "newmain.c"
   129 ;; Parameters:    Size  Location     Type
   130 ;;		None
   131 ;; Auto vars:     Size  Location     Type
   132 ;;		None
   133 ;; Return value:  Size  Location     Type
   134 ;;                  1    wreg      void 
   135 ;; Registers used:
   136 ;;		wreg, status,2, status,0, prodl, prodh, cstack
   137 ;; Tracked objects:
   138 ;;		On entry : 0/0
   139 ;;		On exit  : 0/0
   140 ;;		Unchanged: 0/0
   141 ;; Data sizes:     COMRAM   BANK0   BANK1   BANK2   BANK3   BANK4   BANK5
   142 ;;      Params:         0       0       0       0       0       0       0
   143 ;;      Locals:         0       0       0       0       0       0       0
   144 ;;      Temps:          0       0       0       0       0       0       0
   145 ;;      Totals:         0       0       0       0       0       0       0
   146 ;;Total ram usage:        0 bytes
   147 ;; Hardware stack levels required when called:    2
   148 ;; This function calls:
   149 ;;		_MyadcInit
   150 ;;		_MyadcRead
   151 ;; This function is called by:
   152 ;;		Startup code after reset
   153 ;; This function uses a non-reentrant model
   154 ;;
   155                           
   156                           	psect	text0
   157  007F04                     __ptext0:
   158                           	opt stack 0
   159  007F04                     _main:
   160                           	opt stack 29
   161                           
   162                           ;newmain.c: 80: MyadcInit();
   163                           
   164                           ;incstack = 0
   165  007F04  ECA4  F03F         	call	_MyadcInit	;wreg free
   166  007F08                     
   167                           ;newmain.c: 84: {
   168                           ;newmain.c: 85: MyadcRead();
   169  007F08  EC8E  F03F         	call	_MyadcRead	;wreg free
   170  007F0C  D7FD               	goto	l31
   171  007F0E                     __end_of_main:
   172                           	opt stack 0
   173                           
   174 ;; *************** function _MyadcRead *****************
   175 ;; Defined at:
   176 ;;		line 119 in file "newmain.c"
   177 ;; Parameters:    Size  Location     Type
   178 ;;		None
   179 ;; Auto vars:     Size  Location     Type
   180 ;;		None
   181 ;; Return value:  Size  Location     Type
   182 ;;                  1    wreg      void 
   183 ;; Registers used:
   184 ;;		wreg, status,2, status,0, prodl, prodh, cstack
   185 ;; Tracked objects:
   186 ;;		On entry : 0/0
   187 ;;		On exit  : 0/0
   188 ;;		Unchanged: 0/0
   189 ;; Data sizes:     COMRAM   BANK0   BANK1   BANK2   BANK3   BANK4   BANK5
   190 ;;      Params:         0       0       0       0       0       0       0
   191 ;;      Locals:         0       0       0       0       0       0       0
   192 ;;      Temps:          0       0       0       0       0       0       0
   193 ;;      Totals:         0       0       0       0       0       0       0
   194 ;;Total ram usage:        0 bytes
   195 ;; Hardware stack levels used:    1
   196 ;; Hardware stack levels required when called:    1
   197 ;; This function calls:
   198 ;;		___awdiv
   199 ;; This function is called by:
   200 ;;		_main
   201 ;; This function uses a non-reentrant model
   202 ;;
   203                           
   204                           	psect	text1
   205  007F1C                     __ptext1:
   206                           	opt stack 0
   207  007F1C                     _MyadcRead:
   208                           	opt stack 29
   209                           
   210                           ;newmain.c: 128: ADCON0bits.GO = 1;
   211                           
   212                           ;incstack = 0
   213  007F1C  82C2               	bsf	4034,1,c	;volatile
   214  007F1E                     l40:
   215                           
   216                           ;newmain.c: 130: {
   217                           ;newmain.c: 131: if((ADCON0bits.GO)==0){
   218  007F1E  B2C2               	btfsc	4034,1,c	;volatile
   219  007F20  D7FE               	goto	l40
   220                           
   221                           ;newmain.c: 132: MyadcValue=ADRESH*4+ADRESL/64;
   222  007F22  CFC3 F001          	movff	4035,___awdiv@dividend	;volatile
   223  007F26  6A02               	clrf	___awdiv@dividend+1,c
   224  007F28  0E00               	movlw	0
   225  007F2A  6E04               	movwf	___awdiv@divisor+1,c
   226  007F2C  0E40               	movlw	64
   227  007F2E  6E03               	movwf	___awdiv@divisor,c
   228  007F30  ECBE  F03F         	call	___awdiv	;wreg free
   229  007F34  50C4               	movf	4036,w,c	;volatile
   230  007F36  0D04               	mullw	4
   231  007F38  5001               	movf	?___awdiv,w,c
   232  007F3A  24F3               	addwf	prodl,w,c
   233  007F3C  6E09               	movwf	_MyadcValue,c
   234  007F3E  5002               	movf	?___awdiv+1,w,c
   235  007F40  20F4               	addwfc	prodh,w,c
   236  007F42  6E0A               	movwf	_MyadcValue+1,c
   237                           
   238                           ;newmain.c: 133: ADIF=0;
   239  007F44  9C9E               	bcf	3998,6,c	;volatile
   240                           
   241                           ;newmain.c: 134: break;
   242  007F46  0012               	return	
   243  007F48                     __end_of_MyadcRead:
   244                           	opt stack 0
   245                           prodh	equ	0xFF4
   246                           prodl	equ	0xFF3
   247                           
   248 ;; *************** function ___awdiv *****************
   249 ;; Defined at:
   250 ;;		line 8 in file "C:\Program Files (x86)\Microchip\xc8\v1.44\sources\common\awdiv.c"
   251 ;; Parameters:    Size  Location     Type
   252 ;;  dividend        2    0[COMRAM] int 
   253 ;;  divisor         2    2[COMRAM] int 
   254 ;; Auto vars:     Size  Location     Type
   255 ;;  quotient        2    6[COMRAM] int 
   256 ;;  sign            1    5[COMRAM] unsigned char 
   257 ;;  counter         1    4[COMRAM] unsigned char 
   258 ;; Return value:  Size  Location     Type
   259 ;;                  2    0[COMRAM] int 
   260 ;; Registers used:
   261 ;;		wreg, status,2, status,0
   262 ;; Tracked objects:
   263 ;;		On entry : 0/0
   264 ;;		On exit  : 0/0
   265 ;;		Unchanged: 0/0
   266 ;; Data sizes:     COMRAM   BANK0   BANK1   BANK2   BANK3   BANK4   BANK5
   267 ;;      Params:         4       0       0       0       0       0       0
   268 ;;      Locals:         4       0       0       0       0       0       0
   269 ;;      Temps:          0       0       0       0       0       0       0
   270 ;;      Totals:         8       0       0       0       0       0       0
   271 ;;Total ram usage:        8 bytes
   272 ;; Hardware stack levels used:    1
   273 ;; This function calls:
   274 ;;		Nothing
   275 ;; This function is called by:
   276 ;;		_MyadcRead
   277 ;; This function uses a non-reentrant model
   278 ;;
   279                           
   280                           	psect	text2
   281  007F7C                     __ptext2:
   282                           	opt stack 0
   283  007F7C                     ___awdiv:
   284                           	opt stack 29
   285                           
   286                           ;incstack = 0
   287  007F7C  0E00               	movlw	0
   288  007F7E  6E06               	movwf	___awdiv@sign,c
   289  007F80  AE04               	btfss	___awdiv@divisor+1,7,c
   290  007F82  D006               	goto	l212
   291  007F84  6C03               	negf	___awdiv@divisor,c
   292  007F86  1E04               	comf	___awdiv@divisor+1,f,c
   293  007F88  B0D8               	btfsc	status,0,c
   294  007F8A  2A04               	incf	___awdiv@divisor+1,f,c
   295  007F8C  0E01               	movlw	1
   296  007F8E  6E06               	movwf	___awdiv@sign,c
   297  007F90                     l212:
   298  007F90  AE02               	btfss	___awdiv@dividend+1,7,c
   299  007F92  D006               	goto	l213
   300  007F94  6C01               	negf	___awdiv@dividend,c
   301  007F96  1E02               	comf	___awdiv@dividend+1,f,c
   302  007F98  B0D8               	btfsc	status,0,c
   303  007F9A  2A02               	incf	___awdiv@dividend+1,f,c
   304  007F9C  0E01               	movlw	1
   305  007F9E  1A06               	xorwf	___awdiv@sign,f,c
   306  007FA0                     l213:
   307  007FA0  0E00               	movlw	0
   308  007FA2  6E08               	movwf	___awdiv@quotient+1,c
   309  007FA4  0E00               	movlw	0
   310  007FA6  6E07               	movwf	___awdiv@quotient,c
   311  007FA8  5003               	movf	___awdiv@divisor,w,c
   312  007FAA  1004               	iorwf	___awdiv@divisor+1,w,c
   313  007FAC  B4D8               	btfsc	status,2,c
   314  007FAE  D01C               	goto	l220
   315  007FB0  0E01               	movlw	1
   316  007FB2  6E05               	movwf	___awdiv@counter,c
   317  007FB4  D004               	goto	l215
   318  007FB6  90D8               	bcf	status,0,c
   319  007FB8  3603               	rlcf	___awdiv@divisor,f,c
   320  007FBA  3604               	rlcf	___awdiv@divisor+1,f,c
   321  007FBC  2A05               	incf	___awdiv@counter,f,c
   322  007FBE                     l215:
   323  007FBE  AE04               	btfss	___awdiv@divisor+1,7,c
   324  007FC0  D7FA               	goto	l216
   325  007FC2                     u110:
   326  007FC2  90D8               	bcf	status,0,c
   327  007FC4  3607               	rlcf	___awdiv@quotient,f,c
   328  007FC6  3608               	rlcf	___awdiv@quotient+1,f,c
   329  007FC8  5003               	movf	___awdiv@divisor,w,c
   330  007FCA  5C01               	subwf	___awdiv@dividend,w,c
   331  007FCC  5004               	movf	___awdiv@divisor+1,w,c
   332  007FCE  5802               	subwfb	___awdiv@dividend+1,w,c
   333  007FD0  A0D8               	btfss	status,0,c
   334  007FD2  D005               	goto	l219
   335  007FD4  5003               	movf	___awdiv@divisor,w,c
   336  007FD6  5E01               	subwf	___awdiv@dividend,f,c
   337  007FD8  5004               	movf	___awdiv@divisor+1,w,c
   338  007FDA  5A02               	subwfb	___awdiv@dividend+1,f,c
   339  007FDC  8007               	bsf	___awdiv@quotient,0,c
   340  007FDE                     l219:
   341  007FDE  90D8               	bcf	status,0,c
   342  007FE0  3204               	rrcf	___awdiv@divisor+1,f,c
   343  007FE2  3203               	rrcf	___awdiv@divisor,f,c
   344  007FE4  2E05               	decfsz	___awdiv@counter,f,c
   345  007FE6  D7ED               	goto	u110
   346  007FE8                     l220:
   347  007FE8  5006               	movf	___awdiv@sign,w,c
   348  007FEA  B4D8               	btfsc	status,2,c
   349  007FEC  D004               	goto	l221
   350  007FEE  6C07               	negf	___awdiv@quotient,c
   351  007FF0  1E08               	comf	___awdiv@quotient+1,f,c
   352  007FF2  B0D8               	btfsc	status,0,c
   353  007FF4  2A08               	incf	___awdiv@quotient+1,f,c
   354  007FF6                     l221:
   355  007FF6  C007  F001         	movff	___awdiv@quotient,?___awdiv
   356  007FFA  C008  F002         	movff	___awdiv@quotient+1,?___awdiv+1
   357  007FFE  0012               	return	
   358  008000                     __end_of___awdiv:
   359                           	opt stack 0
   360                           prodh	equ	0xFF4
   361                           prodl	equ	0xFF3
   362                           status	equ	0xFD8
   363                           
   364 ;; *************** function _MyadcInit *****************
   365 ;; Defined at:
   366 ;;		line 90 in file "newmain.c"
   367 ;; Parameters:    Size  Location     Type
   368 ;;		None
   369 ;; Auto vars:     Size  Location     Type
   370 ;;		None
   371 ;; Return value:  Size  Location     Type
   372 ;;                  1    wreg      void 
   373 ;; Registers used:
   374 ;;		wreg, status,2
   375 ;; Tracked objects:
   376 ;;		On entry : 0/0
   377 ;;		On exit  : 0/0
   378 ;;		Unchanged: 0/0
   379 ;; Data sizes:     COMRAM   BANK0   BANK1   BANK2   BANK3   BANK4   BANK5
   380 ;;      Params:         0       0       0       0       0       0       0
   381 ;;      Locals:         0       0       0       0       0       0       0
   382 ;;      Temps:          0       0       0       0       0       0       0
   383 ;;      Totals:         0       0       0       0       0       0       0
   384 ;;Total ram usage:        0 bytes
   385 ;; Hardware stack levels used:    1
   386 ;; This function calls:
   387 ;;		Nothing
   388 ;; This function is called by:
   389 ;;		_main
   390 ;; This function uses a non-reentrant model
   391 ;;
   392                           
   393                           	psect	text3
   394  007F48                     __ptext3:
   395                           	opt stack 0
   396  007F48                     _MyadcInit:
   397                           	opt stack 30
   398                           
   399                           ;newmain.c: 96: ADCON1bits.VCFG1 = 0 ;
   400                           
   401                           ;incstack = 0
   402  007F48  9AC1               	bcf	4033,5,c	;volatile
   403                           
   404                           ;newmain.c: 97: ADCON1bits.VCFG0 = 0 ;
   405  007F4A  98C1               	bcf	4033,4,c	;volatile
   406                           
   407                           ;newmain.c: 98: ADCON1bits.PCFG = 11 ;
   408  007F4C  50C1               	movf	4033,w,c	;volatile
   409  007F4E  0BF0               	andlw	-16
   410  007F50  090B               	iorlw	11
   411  007F52  6EC1               	movwf	4033,c	;volatile
   412                           
   413                           ;newmain.c: 99: ADCON0bits.CHS = 0 ;
   414  007F54  94C2               	bcf	4034,2,c	;volatile
   415  007F56  96C2               	bcf	4034,3,c	;volatile
   416  007F58  98C2               	bcf	4034,4,c	;volatile
   417  007F5A  9AC2               	bcf	4034,5,c	;volatile
   418                           
   419                           ;newmain.c: 100: TRISA = 0x0F ;
   420  007F5C  0E0F               	movlw	15
   421  007F5E  6E92               	movwf	3986,c	;volatile
   422                           
   423                           ;newmain.c: 101: ADCON2bits.ADFM = 0 ;
   424  007F60  9EC0               	bcf	4032,7,c	;volatile
   425                           
   426                           ;newmain.c: 106: ADCON2bits.ACQT = 5;
   427  007F62  50C0               	movf	4032,w,c	;volatile
   428  007F64  0BC7               	andlw	-57
   429  007F66  0928               	iorlw	40
   430  007F68  6EC0               	movwf	4032,c	;volatile
   431                           
   432                           ;newmain.c: 107: ADCON2bits.ADCS =4;
   433  007F6A  50C0               	movf	4032,w,c	;volatile
   434  007F6C  0BF8               	andlw	-8
   435  007F6E  0904               	iorlw	4
   436  007F70  6EC0               	movwf	4032,c	;volatile
   437                           
   438                           ;newmain.c: 108: ADCON0bits.ADON = 1;
   439  007F72  80C2               	bsf	4034,0,c	;volatile
   440                           
   441                           ;newmain.c: 114: ADIF=0;
   442  007F74  9C9E               	bcf	3998,6,c	;volatile
   443                           
   444                           ;newmain.c: 115: ADIE=1;
   445  007F76  8C9D               	bsf	3997,6,c	;volatile
   446                           
   447                           ;newmain.c: 116: GIE=1;
   448  007F78  8EF2               	bsf	intcon,7,c	;volatile
   449  007F7A  0012               	return	
   450  007F7C                     __end_of_MyadcInit:
   451                           	opt stack 0
   452  0000                     prodh	equ	0xFF4
   453                           prodl	equ	0xFF3
   454                           intcon	equ	0xFF2
   455                           status	equ	0xFD8
   456                           prodh	equ	0xFF4
   457                           prodl	equ	0xFF3
   458                           intcon	equ	0xFF2
   459                           status	equ	0xFD8
   460                           
   461                           	psect	rparam
   462  0000                     prodh	equ	0xFF4
   463                           prodl	equ	0xFF3
   464                           intcon	equ	0xFF2
   465                           status	equ	0xFD8


Data Sizes:
    Strings     0
    Constant    0
    Data        0
    BSS         4
    Persistent  0
    Stack       0

Auto Spaces:
    Space          Size  Autos    Used
    COMRAM          127      8      12
    BANK0           128      0       0
    BANK1           256      0       0
    BANK2           256      0       0
    BANK3           256      0       0
    BANK4           256      0       0
    BANK5           256      0       0

Pointer List with Targets:

    None.

Critical Paths under _main in COMRAM

    _MyadcRead->___awdiv

Critical Paths under _main in BANK0

    None.

Critical Paths under _main in BANK1

    None.

Critical Paths under _main in BANK2

    None.

Critical Paths under _main in BANK3

    None.

Critical Paths under _main in BANK4

    None.

Critical Paths under _main in BANK5

    None.

Call Graph Tables:

 ---------------------------------------------------------------------------------
 (Depth) Function   	        Calls       Base Space   Used Autos Params    Refs
 ---------------------------------------------------------------------------------
 (0) _main                                                 0     0      0     452
                          _MyadcInit
                          _MyadcRead
 ---------------------------------------------------------------------------------
 (1) _MyadcRead                                            0     0      0     452
                            ___awdiv
 ---------------------------------------------------------------------------------
 (2) ___awdiv                                              8     4      4     452
                                              0 COMRAM     8     4      4
 ---------------------------------------------------------------------------------
 (1) _MyadcInit                                            0     0      0       0
 ---------------------------------------------------------------------------------
 Estimated maximum stack depth 2
 ---------------------------------------------------------------------------------

 Call Graph Graphs:

 _main (ROOT)
   _MyadcInit
   _MyadcRead
     ___awdiv

 Address spaces:
Name               Size   Autos  Total    Cost      Usage
BIGRAM             5FF      0       0      17        0.0%
EEDATA             100      0       0       0        0.0%
BITBANK5           100      0       0      16        0.0%
BANK5              100      0       0      14        0.0%
BITBANK4           100      0       0      12        0.0%
BANK4              100      0       0      13        0.0%
BITBANK3           100      0       0      10        0.0%
BANK3              100      0       0      11        0.0%
BITBANK2           100      0       0       8        0.0%
BANK2              100      0       0       9        0.0%
BITBANK1           100      0       0       6        0.0%
BANK1              100      0       0       7        0.0%
BITBANK0            80      0       0       4        0.0%
BANK0               80      0       0       5        0.0%
BITCOMRAM           7F      0       0       0        0.0%
COMRAM              7F      8       C       1        9.4%
BITSFR               0      0       0     200        0.0%
SFR                  0      0       0     200        0.0%
STACK                0      0       0       2        0.0%
NULL                 0      0       0       0        0.0%
ABS                  0      0       C      15        0.0%
DATA                 0      0       C       3        0.0%
CODE                 0      0       0       0        0.0%


Microchip Technology PIC18 Macro Assembler V1.44 build -154322312 
Symbol Table                                                                                   Thu Dec 13 16:48:49 2018

                     l31 7F08                       l40 7F1E             ___awdiv@sign 0006  
            __CFG_BORV$3 000000             __CFG_CP0$OFF 000000             __CFG_CP1$OFF 000000  
           __CFG_CP2$OFF 000000             __CFG_CP3$OFF 000000                      l220 7FE8  
                    l212 7F90                      l221 7FF6                      l213 7FA0  
                    l215 7FBE                      l216 7FB6                      l219 7FDE  
                    _GIE 007F97             __CFG_CPB$OFF 000000                      u110 7FC2  
           __CFG_CPD$OFF 000000             __CFG_IESO$ON 000000             __CFG_LVP$OFF 000000  
           __CFG_WDT$OFF 000000                     _ADIE 007CEE                     _ADIF 007CF6  
           __CFG_WDTPS$1 000000                     _main 7F04                     prodh 000FF4  
                   prodl 000FF3                     start 0000            __CFG_MCLRE$ON 000000  
           ___param_bank 000000                    ?_main 0001          __end_of___awdiv 8000  
        ___awdiv@divisor 0003          ___awdiv@counter 0005                    _TRISA 000F92  
          __CFG_PWRT$OFF 000000            __CFG_WRT0$OFF 000000            __CFG_WRT1$OFF 000000  
          __CFG_WRT2$OFF 000000            __CFG_WRT3$OFF 000000           __CFG_EBTR0$OFF 000000  
         __CFG_FCMEN$OFF 000000           __CFG_EBTR1$OFF 000000           __CFG_EBTR2$OFF 000000  
         __CFG_EBTR3$OFF 000000            __CFG_WRTB$OFF 000000            __CFG_WRTC$OFF 000000  
          __CFG_WRTD$OFF 000000           __CFG_EBTRB$OFF 000000                    status 000FD8  
         __CFG_PBADEN$ON 000000          __initialization 7F0E             __end_of_main 7F0E  
                 ??_main 0009            __activetblptr 000000                   _ADRESH 000FC4  
                 _ADRESL 000FC3         ___awdiv@dividend 0001               _MyadcValue 0009  
         __CFG_XINST$OFF 000000                ??___awdiv 0005           __CFG_STVREN$ON 000000  
     __size_of_MyadcInit 0034       __size_of_MyadcRead 002C         ___awdiv@quotient 0007  
             __accesstop 0080  __end_of__initialization 7F16            ___rparam_used 000001  
         __pcstackCOMRAM 0001        __end_of_MyadcInit 7F7C        __end_of_MyadcRead 7F48  
                __Hparam 0000                  __Lparam 0000                  ___awdiv 7F7C  
                __pcinit 7F0E                  __ramtop 0600                  __ptext0 7F04  
                __ptext1 7F1C                  __ptext2 7F7C                  __ptext3 7F48  
   end_of_initialization 7F16               _tick_count 000B      start_initialization 7F0E  
       __CFG_OSC$INTIO67 000000                _MyadcInit 7F48                _MyadcRead 7F1C  
       __CFG_LPT1OSC$OFF 000000              __pbssCOMRAM 0009               ?_MyadcInit 0001  
             ?_MyadcRead 0001        __CFG_CCP2MX$PORTC 000000                 ?___awdiv 0001  
             _ADCON0bits 000FC2               _ADCON1bits 000FC1               _ADCON2bits 000FC0  
            ??_MyadcInit 0001              ??_MyadcRead 0009                 __Hrparam 0000  
               __Lrparam 0000       __CFG_BOREN$SBORDIS 000000         __size_of___awdiv 0084  
          __size_of_main 000A  
